Filename: profile.py

Line #    Mem usage    Increment   Line Contents
================================================
    13  25.05859 MiB   0.00000 MiB   @profile(precision=precision, stream=fp)
    14                             def main():
    15                                 # Hard coding for profiler
    16
    17  25.06641 MiB   0.00781 MiB       filename = "data/demo_200_100.csv"
    18  25.06641 MiB   0.00000 MiB       print(filename)
    19                                 # Demo strategies
    20                                 # Turns: 200
    21                                 # Repetitions: 100
    22  25.56641 MiB   0.50000 MiB       big_read(filename)
    23  27.32812 MiB   1.76172 MiB       read(filename)
    24
    25  27.32812 MiB   0.00000 MiB       filename = "data/basic_200_100.csv"
    26  27.32812 MiB   0.00000 MiB       print(filename)
    27                                 # Basic strategies
    28                                 # Turns: 200
    29                                 # Repetitions: 100
    30  27.41406 MiB   0.08594 MiB       big_read(filename)
    31  30.54688 MiB   3.13281 MiB       read(filename)
    32
    33  30.54688 MiB   0.00000 MiB       filename = "data/full_50_5.csv"
    34  30.54688 MiB   0.00000 MiB       print(filename)
    35                                 # Ordinary strategies
    36                                 # Turns: 50
    37                                 # Repetitions: 5
    38  30.40625 MiB  -0.14062 MiB       big_read(filename)
    39  41.11719 MiB  10.71094 MiB       read(filename)
    40
    41  41.11719 MiB   0.00000 MiB       filename = "data/full_50_10.csv"
    42  41.11719 MiB   0.00000 MiB       print(filename)
    43                                 # Ordinary strategies
    44                                 # Turns: 50
    45                                 # Repetitions: 10
    46  37.62891 MiB  -3.48828 MiB       big_read(filename)
    47  51.56250 MiB  13.93359 MiB       read(filename)
    48
    49  51.56250 MiB   0.00000 MiB       filename = "data/full_50_20.csv"
    50  51.56250 MiB   0.00000 MiB       print(filename)
    51                                 # Ordinary strategies
    52                                 # Turns: 50
    53                                 # Repetitions: 20
    54  47.46484 MiB  -4.09766 MiB       big_read(filename)
    55  70.05859 MiB  22.59375 MiB       read(filename)


